
========================================
実験1: 基本性能比較
========================================
[2025-12-15 15:36:58] 開始時刻: 2025年 12月 15日 月曜日 15:36:58 JST
[2025-12-15 15:36:58] CSV ファイル作成: experiments/results/exp1_results.csv

========================================
実験実行開始
========================================

========================================
局面: empties_10_id_000.pos
========================================
[2025-12-15 15:36:58] [1/18] 逐次版
[2025-12-15 15:36:58] 実行中: Sequential - empties_10_id_000.pos (1 threads)
[2025-12-15 15:36:58]   結果: WIN (SOLVED), 時間: 0s, ノード数: 0, NPS: 0
[2025-12-15 15:36:58] [2/18] Work-Stealing版
[2025-12-15 15:36:58] 実行中: WorkStealing - empties_10_id_000.pos (64 threads)
[2025-12-15 15:36:58]   結果: UNKNOWN (UNKNOWN), 時間: 0s, ノード数: 0, NPS: 0
[2025-12-15 15:36:58] [3/18] Hybrid版
[2025-12-15 15:36:59] 実行中: Hybrid - empties_10_id_000.pos (64 threads)
[2025-12-15 15:36:59]   結果: UNKNOWN (UNKNOWN), 時間: 0s, ノード数: 0, NPS: 0

========================================
局面: empties_10_id_001.pos
========================================
[2025-12-15 15:36:59] [4/18] 逐次版
[2025-12-15 15:36:59] 実行中: Sequential - empties_10_id_001.pos (1 threads)
[2025-12-15 15:36:59]   結果: UNKNOWN (UNKNOWN), 時間: 0s, ノード数: 0, NPS: 0
[2025-12-15 15:36:59] [5/18] Work-Stealing版
[2025-12-15 15:36:59] 実行中: WorkStealing - empties_10_id_001.pos (64 threads)
[2025-12-15 15:36:59]   結果: UNKNOWN (UNKNOWN), 時間: 0s, ノード数: 0, NPS: 0
[2025-12-15 15:36:59] [6/18] Hybrid版
[2025-12-15 15:36:59] 実行中: Hybrid - empties_10_id_001.pos (64 threads)
[2025-12-15 15:36:59]   結果: UNKNOWN (UNKNOWN), 時間: 0s, ノード数: 0, NPS: 0

========================================
局面: empties_12_id_000.pos
========================================
[2025-12-15 15:36:59] [7/18] 逐次版
[2025-12-15 15:36:59] 実行中: Sequential - empties_12_id_000.pos (1 threads)
[2025-12-15 15:36:59]   結果: UNKNOWN (UNKNOWN), 時間: 0s, ノード数: 0, NPS: 0
[2025-12-15 15:36:59] [8/18] Work-Stealing版
[2025-12-15 15:36:59] 実行中: WorkStealing - empties_12_id_000.pos (64 threads)
[2025-12-15 15:36:59]   結果: UNKNOWN (UNKNOWN), 時間: 0s, ノード数: 0, NPS: 0
[2025-12-15 15:36:59] [9/18] Hybrid版
[2025-12-15 15:36:59] 実行中: Hybrid - empties_12_id_000.pos (64 threads)
[2025-12-15 15:36:59]   結果: UNKNOWN (UNKNOWN), 時間: 0s, ノード数: 0, NPS: 0

========================================
局面: empties_12_id_001.pos
========================================
[2025-12-15 15:36:59] [10/18] 逐次版
[2025-12-15 15:36:59] 実行中: Sequential - empties_12_id_001.pos (1 threads)
[2025-12-15 15:36:59]   結果: UNKNOWN (UNKNOWN), 時間: 0s, ノード数: 0, NPS: 0
[2025-12-15 15:36:59] [11/18] Work-Stealing版
[2025-12-15 15:36:59] 実行中: WorkStealing - empties_12_id_001.pos (64 threads)
[2025-12-15 15:37:00]   結果: UNKNOWN (UNKNOWN), 時間: 0s, ノード数: 0, NPS: 0
[2025-12-15 15:37:00] [12/18] Hybrid版
[2025-12-15 15:37:00] 実行中: Hybrid - empties_12_id_001.pos (64 threads)
[2025-12-15 15:37:00]   結果: UNKNOWN (UNKNOWN), 時間: 0s, ノード数: 0, NPS: 0

========================================
局面: empties_14_id_000.pos
========================================
[2025-12-15 15:37:00] [13/18] 逐次版
[2025-12-15 15:37:00] 実行中: Sequential - empties_14_id_000.pos (1 threads)
[2025-12-15 15:37:00]   結果: UNKNOWN (UNKNOWN), 時間: 0s, ノード数: 0, NPS: 0
[2025-12-15 15:37:00] [14/18] Work-Stealing版
[2025-12-15 15:37:00] 実行中: WorkStealing - empties_14_id_000.pos (64 threads)
[2025-12-15 15:37:00]   結果: UNKNOWN (UNKNOWN), 時間: 0s, ノード数: 0, NPS: 0
[2025-12-15 15:37:00] [15/18] Hybrid版
[2025-12-15 15:37:00] 実行中: Hybrid - empties_14_id_000.pos (64 threads)
[2025-12-15 15:37:00]   結果: UNKNOWN (UNKNOWN), 時間: 0s, ノード数: 0, NPS: 0

========================================
局面: empties_14_id_001.pos
========================================
[2025-12-15 15:37:00] [16/18] 逐次版
[2025-12-15 15:37:00] 実行中: Sequential - empties_14_id_001.pos (1 threads)
[2025-12-15 15:37:00]   結果: UNKNOWN (UNKNOWN), 時間: 0s, ノード数: 0, NPS: 0
[2025-12-15 15:37:00] [17/18] Work-Stealing版
[2025-12-15 15:37:00] 実行中: WorkStealing - empties_14_id_001.pos (64 threads)
[2025-12-15 15:37:00]   結果: UNKNOWN (UNKNOWN), 時間: 0s, ノード数: 0, NPS: 0
[2025-12-15 15:37:00] [18/18] Hybrid版
[2025-12-15 15:37:00] 実行中: Hybrid - empties_14_id_001.pos (64 threads)
[2025-12-15 15:37:00]   結果: UNKNOWN (UNKNOWN), 時間: 0s, ノード数: 0, NPS: 0

========================================
サマリーレポート生成
========================================
[2025-12-15 15:37:01] サマリーレポート生成完了: experiments/results/exp1_summary.txt
========================================
実験1: 基本性能比較 - サマリーレポート
========================================
実行日時: 2025年 12月 15日 月曜日 15:37:00 JST
スレッド数: 64
タイムアウト: 300.0 秒

----------------------------------------
平均性能比較
----------------------------------------

Sequential:
  解決数: 1
  平均時間: 0.00 秒
  平均ノード数: 0
  平均NPS: 0
  平均Worker稼働率: 0.0%

WorkStealing:
  解決数: 0
  平均時間: N/A 秒
  平均ノード数: N/A
  平均NPS: N/A
  平均Worker稼働率: N/A%

Hybrid:
  解決数: 0
  平均時間: N/A 秒
  平均ノード数: N/A
  平均NPS: N/A
  平均Worker稼働率: N/A%

----------------------------------------
スピードアップ（逐次版基準）
----------------------------------------
Work-Stealing版: 0x
Hybrid版: 0x

----------------------------------------
詳細結果
----------------------------------------
CSV ファイル: experiments/results/exp1_results.csv
ログディレクトリ: experiments/results/logs/exp1_20251215_153658

論文への記載例:
  表1に、3手法の基本性能比較を示す。Hybrid版は逐次版に対して
  0倍のスピードアップを達成し、Work-Stealing版の
  0倍を上回る性能を示した。

========================================
