
========================================
実験1: 基本性能比較
========================================
[2025-12-15 15:38:02] 開始時刻: 2025年 12月 15日 月曜日 15:38:02 JST
[2025-12-15 15:38:02] CSV ファイル作成: experiments/results/exp1_results.csv

========================================
実験実行開始
========================================

========================================
局面: empties_10_id_000.pos
========================================
[2025-12-15 15:38:02] [1/18] 逐次版
[2025-12-15 15:38:02] 実行中: Sequential - empties_10_id_000.pos (1 threads)
[2025-12-15 15:38:02]   結果: WIN (SOLVED), 時間: 0s, ノード数: 0, NPS: 0
[2025-12-15 15:38:02] [2/18] Work-Stealing版
[2025-12-15 15:38:02] 実行中: WorkStealing - empties_10_id_000.pos (64 threads)
[2025-12-15 15:38:02]   結果: WIN (SOLVED), 時間: 0.065s, ノード数: 4336, NPS: 66855
[2025-12-15 15:38:02] [3/18] Hybrid版
[2025-12-15 15:38:02] 実行中: Hybrid - empties_10_id_000.pos (64 threads)
[2025-12-15 15:38:03]   結果: WIN (SOLVED), 時間: 0.064s, ノード数: 4263, NPS: 66757

========================================
局面: empties_10_id_001.pos
========================================
[2025-12-15 15:38:03] [4/18] 逐次版
[2025-12-15 15:38:03] 実行中: Sequential - empties_10_id_001.pos (1 threads)
[2025-12-15 15:38:03]   結果: UNKNOWN (UNKNOWN), 時間: 0s, ノード数: 0, NPS: 0
[2025-12-15 15:38:03] [5/18] Work-Stealing版
[2025-12-15 15:38:03] 実行中: WorkStealing - empties_10_id_001.pos (64 threads)
[2025-12-15 15:38:03]   結果: WIN (SOLVED), 時間: 0.034s, ノード数: 1694, NPS: 50564
[2025-12-15 15:38:03] [6/18] Hybrid版
[2025-12-15 15:38:03] 実行中: Hybrid - empties_10_id_001.pos (64 threads)
[2025-12-15 15:38:03]   結果: WIN (SOLVED), 時間: 0.033s, ノード数: 1184, NPS: 36147

========================================
局面: empties_12_id_000.pos
========================================
[2025-12-15 15:38:03] [7/18] 逐次版
[2025-12-15 15:38:03] 実行中: Sequential - empties_12_id_000.pos (1 threads)
[2025-12-15 15:38:03]   結果: UNKNOWN (UNKNOWN), 時間: 0s, ノード数: 0, NPS: 0
[2025-12-15 15:38:03] [8/18] Work-Stealing版
[2025-12-15 15:38:03] 実行中: WorkStealing - empties_12_id_000.pos (64 threads)
[2025-12-15 15:38:04]   結果: WIN (SOLVED), 時間: 0.074s, ノード数: 27082, NPS: 364806
[2025-12-15 15:38:04] [9/18] Hybrid版
[2025-12-15 15:38:04] 実行中: Hybrid - empties_12_id_000.pos (64 threads)
